18:30:27.241 [main                     ] DEBUG Logger               - Configured Logger
18:30:27.273 [main                     ] DEBUG GameApplication      - Logging settings
Title: Basic Game App
Version: 0.1
Width: 480
Height: 400
Fullscreen: false
Intro: false
Profiling: false
Single step:false
App Mode: DEVELOPER
Menu Key: ESCAPE
Stage Style: DECORATED
Scene Factory: class com.almasb.fxgl.app.scene.SceneFactory

18:30:27.572 [JavaFX Application Thread] DEBUG FXGLApplication      - Initializing FXGL
18:30:27.579 [JavaFX Application Thread] INFO  Engine               - FXGL-17.1 (24.03.2022 17.34) on WINDOWS (J:17.0.2 FX:17.0.0.1)
18:30:27.579 [JavaFX Application Thread] DEBUG Engine               - JRE Vendor Name: Oracle Corporation
18:30:27.580 [JavaFX Application Thread] DEBUG Engine               - Running on OS: Windows 10 version 10.0
18:30:27.580 [JavaFX Application Thread] DEBUG Engine               - Architecture: amd64
18:30:27.580 [JavaFX Application Thread] INFO  Engine               - Source code and latest versions at: https://github.com/AlmasB/FXGL
18:30:27.580 [JavaFX Application Thread] INFO  Engine               -       Ask questions and discuss at: https://github.com/AlmasB/FXGL/discussions
18:30:27.580 [JavaFX Application Thread] INFO  Engine               -              Join the FXGL chat at: https://gitter.im/AlmasB/FXGL
18:30:27.666 [JavaFX Application Thread] DEBUG PrimaryStageWindow   - Creating a JavaFX scene
18:30:27.701 [JavaFX Application Thread] DEBUG PrimaryStageWindow   - Target settings size: 480.0 x 400.0
18:30:27.701 [JavaFX Application Thread] DEBUG PrimaryStageWindow   - Scaled scene size:    480.0 x 400.0
18:30:27.701 [JavaFX Application Thread] DEBUG PrimaryStageWindow   - Scaled ratio: (1.0, 1.0)
18:30:27.702 [JavaFX Application Thread] DEBUG PrimaryStageWindow   - Set initial scene to FXGLStartupScene
18:30:27.709 [JavaFX Application Thread] DEBUG PrimaryStageWindow   - Opening main window
18:30:27.791 [JavaFX Application Thread] DEBUG PrimaryStageWindow   - Window border size: (14.399993896484375, 37.600006103515625)
18:30:27.792 [JavaFX Application Thread] DEBUG PrimaryStageWindow   - Scaled size: 480.0 x 400.0
18:30:27.792 [JavaFX Application Thread] DEBUG PrimaryStageWindow   - Scaled ratio: (1.0, 1.0)
18:30:27.792 [JavaFX Application Thread] DEBUG PrimaryStageWindow   - Scene size: 480.0 x 400.0
18:30:27.793 [JavaFX Application Thread] DEBUG PrimaryStageWindow   - Stage size: 494.3999938964844 x 437.6000061035156
18:30:27.800 [FXGL Background Thread 1 ] DEBUG Engine               - Initializing environment variables
18:30:27.840 [FXGL Background Thread 1 ] DEBUG FXGLAssetLoaderServi - User app class for loading assets: class com.example.findingfruitcake.BasicGame
18:30:27.840 [FXGL Background Thread 1 ] DEBUG GameApplicationServi - Applying CSS: fxgl_dark.css
18:30:27.841 [FXGL Background Thread 1 ] DEBUG FXGLAssetLoaderServi - Loading from file system: jar:file:///C:/Users/sarah/.m2/repository/com/github/almasb/fxgl/17.1/fxgl-17.1.jar!/fxglassets/ui/css/fxgl_dark.css
18:30:27.894 [FXGL Background Thread 1 ] DEBUG GameApplicationServi - Initializing application scenes
18:30:27.942 [FXGL Background Thread 1 ] DEBUG GameWorld            - Game world initialized
18:30:28.009 [FXGL Background Thread 1 ] DEBUG PhysicsWorld         - Physics world initialized: appHeight=400, physics.ppm=50.0
18:30:28.009 [FXGL Background Thread 1 ] DEBUG PhysicsWorld         - Using strategy: BRUTE_FORCE
18:30:28.014 [FXGL Background Thread 1 ] DEBUG GameScene            - Game scene initialized: 480x400
18:30:28.028 [FXGL Background Thread 1 ] WARN  FXGL.DefaultMenu     - FXGLDefaultMenu is not designed for resolutions < 800x600
18:30:28.028 [FXGL Background Thread 1 ] DEBUG FXGL.DefaultMenu     - createMenuBodyGameMenu()
18:30:28.044 [FXGL Background Thread 1 ] DEBUG FXGL.DefaultMenu     - createOptionsMenu()
18:30:28.054 [FXGL Background Thread 1 ] DEBUG FXGLAssetLoaderServi - Loading from file system: jar:file:///C:/Users/sarah/.m2/repository/com/github/almasb/fxgl/17.1/fxgl-17.1.jar!/fxglassets/textures/particles/smoke.png
18:30:28.150 [FXGL Background Thread 1 ] DEBUG FXGLAssetLoaderServi - Loading from file system: jar:file:///C:/Users/sarah/.m2/repository/com/github/almasb/fxgl/17.1/fxgl-17.1.jar!/fxglassets/textures/particles/trace_horizontal.png
18:30:28.187 [FXGL Background Thread 1 ] DEBUG GameApplicationServi - Application scenes initialized
18:30:28.195 [FXGL Background Thread 1 ] DEBUG SystemBundleService  - Loading FXGL system data
18:30:28.201 [FXGL Background Thread 1 ] DEBUG FileSystemAccess     - Reading from: C:\Users\sarah\IdeaProjects\FindingFruitcake\system\fxgl.bundle
18:30:28.205 [FXGL Background Thread 1 ] DEBUG SystemBundleService  - Bundle FXGL: {}
18:30:28.205 [FXGL Background Thread 1 ] DEBUG UpdaterService       - Checking for updates
18:30:28.208 [FXGL Background Thread 4 ] DEBUG FXGLApplication      - Loading fonts
18:30:28.209 [FXGL Background Thread 1 ] DEBUG FXGLApplication      - Loading default localization
18:30:28.209 [FXGL Background Thread 4 ] DEBUG FXGLAssetLoaderServi - Loading from file system: jar:file:///C:/Users/sarah/.m2/repository/com/github/almasb/fxgl/17.1/fxgl-17.1.jar!/fxglassets/ui/fonts/VarelaRound-Regular.ttf
18:30:28.209 [FXGL Background Thread 1 ] DEBUG FXGLAssetLoaderServi - Loading from file system: jar:file:///C:/Users/sarah/.m2/repository/com/github/almasb/fxgl/17.1/fxgl-17.1.jar!/fxglassets/languages/english.lang
18:30:28.227 [FXGL Background Thread 1 ] INFO  FXGLApplication      - FXGL initialization took: 0.426 sec
18:30:28.237 [JavaFX Application Thread] DEBUG Input                - Registered new binding: Right - D
18:30:28.237 [JavaFX Application Thread] DEBUG Input                - Registered new binding: Left - A
18:30:28.237 [JavaFX Application Thread] DEBUG Input                - Registered new binding: Up - W
18:30:28.238 [JavaFX Application Thread] DEBUG Input                - Registered new binding: Down - S
18:30:28.238 [JavaFX Application Thread] DEBUG FXGLAssetLoaderServi - Loading from file system: jar:file:///C:/Users/sarah/.m2/repository/com/github/almasb/fxgl/17.1/fxgl-17.1.jar!/fxglassets/textures/fxgl_icon.png
18:30:28.261 [JavaFX Application Thread] DEBUG FXGLAssetLoaderServi - Loading from file system: jar:file:///C:/Users/sarah/.m2/repository/com/github/almasb/fxgl/17.1/fxgl-17.1.jar!/fxglassets/textures/fxgl_default_cursor.png
18:30:28.263 [JavaFX Application Thread] DEBUG Input                - Registered new binding: Screenshot - CTRL+8
18:30:28.264 [JavaFX Application Thread] DEBUG Input                - Registered new binding: System info dump - CTRL+9
18:30:28.265 [JavaFX Application Thread] DEBUG Input                - Registered new binding: Restart - CTRL+R
18:30:28.265 [JavaFX Application Thread] DEBUG Input                - Registered new binding: Toggle Debug Camera - CTRL+7
18:30:28.267 [JavaFX Application Thread] DEBUG LoopRunner           - Starting loop
18:30:28.267 [JavaFX Application Thread] DEBUG LoopRunner           - Initializing JavaFX AnimationTimerLoop
18:30:28.269 [JavaFX Application Thread] DEBUG GameApplicationServi - Starting new game
18:30:28.270 [JavaFX Application Thread] DEBUG Input                - Clearing active input actions
18:30:28.280 [JavaFX Application Thread] DEBUG GameApplicationServi - Removing overlay from FXGLStartupScene and adding to FXGLLoadingScene
18:30:28.281 [JavaFX Application Thread] DEBUG PrimaryStageWindow   - FXGLStartupScene -> FXGLLoadingScene
18:30:28.281 [JavaFX Application Thread] DEBUG GameApplicationServi - Clearing previous game
18:30:28.281 [JavaFX Application Thread] DEBUG GameScene            - Clearing game scene
18:30:28.281 [JavaFX Application Thread] DEBUG GameWorld            - Clearing game world
18:30:28.282 [JavaFX Application Thread] DEBUG PhysicsWorld         - Clearing physics world
18:30:28.284 [FXGL Background Thread 1 ] DEBUG FXGLApplication      - Initializing game
18:30:28.310 [FXGL Background Thread 4 ] DEBUG FXGLAssetLoaderServi - Loading from file system: jar:file:///C:/Users/sarah/.m2/repository/com/github/almasb/fxgl/17.1/fxgl-17.1.jar!/fxglassets/ui/fonts/Abel-Regular.ttf
18:30:28.333 [FXGL Background Thread 1 ] WARN  TMXLevelLoader       - TiledMap generated from 1.9.0. Supported version: 1.4.2. Some features may not be parsed fully.
18:30:28.333 [FXGL Background Thread 4 ] DEBUG FXGLAssetLoaderServi - Loading from file system: jar:file:///C:/Users/sarah/.m2/repository/com/github/almasb/fxgl/17.1/fxgl-17.1.jar!/fxglassets/ui/fonts/TerminalLandMono-Regular.otf
18:30:28.353 [FXGL Background Thread 1 ] DEBUG TMXLevelLoader       - Parsed TiledMap: file:/C:/Users/sarah/IdeaProjects/FindingFruitcake/target/classes/assets/levels/HomeFirstFloor.tmx
18:30:28.354 [FXGL Background Thread 1 ] DEBUG TMXLevelLoader       - Creating tile layer entities
18:30:28.356 [FXGL Background Thread 1 ] DEBUG TilesetLoader        - Loading view for layer Floors and Walls
18:30:28.357 [FXGL Background Thread 4 ] DEBUG FXGLAssetLoaderServi - Loading from file system: jar:file:///C:/Users/sarah/.m2/repository/com/github/almasb/fxgl/17.1/fxgl-17.1.jar!/fxglassets/ui/fonts/Courier-Prime.ttf
18:30:28.357 [FXGL Background Thread 1 ] DEBUG TilesetLoader        - Created buffer with size 480.0x400.0
18:30:28.438 [JavaFX Application Thread] DEBUG FXGLApplication      - Registering font factories with UI factory
18:30:28.476 [FXGL Background Thread 1 ] DEBUG TilesetLoader        - Loading view for layer Stair
18:30:28.476 [FXGL Background Thread 1 ] DEBUG TilesetLoader        - Created buffer with size 480.0x400.0
18:30:28.664 [FXGL Background Thread 1 ] DEBUG TilesetLoader        - Loading view for layer Wall / Floor Decor
18:30:28.665 [FXGL Background Thread 1 ] DEBUG TilesetLoader        - Created buffer with size 480.0x400.0
18:30:28.688 [FXGL Background Thread 1 ] DEBUG TilesetLoader        - Loading view for layer Large Furniture
18:30:28.688 [FXGL Background Thread 1 ] DEBUG TilesetLoader        - Created buffer with size 480.0x400.0
18:30:28.696 [FXGL Background Thread 1 ] DEBUG TilesetLoader        - Loading view for layer Mid Furniture
18:30:28.697 [FXGL Background Thread 1 ] DEBUG TilesetLoader        - Created buffer with size 480.0x400.0
18:30:28.697 [FXGL Background Thread 1 ] DEBUG TilesetLoader        - Loading view for layer Small Furniture
18:30:28.698 [FXGL Background Thread 1 ] DEBUG TilesetLoader        - Created buffer with size 480.0x400.0
18:30:28.699 [FXGL Background Thread 1 ] DEBUG TilesetLoader        - Loading view for layer Exits
18:30:28.699 [FXGL Background Thread 1 ] DEBUG TilesetLoader        - Created buffer with size 480.0x400.0
18:30:28.699 [FXGL Background Thread 1 ] DEBUG TMXLevelLoader       - Creating object layer entities
18:30:28.712 [FXGL Background Thread 1 ] DEBUG GameWorld            - Clearing removable entities
18:30:28.713 [FXGL Background Thread 1 ] DEBUG GameWorld            - Setting level: com.almasb.fxgl.entity.level.Level@4d30b957
18:30:28.726 [FXGL Background Thread 1 ] DEBUG FXGLAssetLoaderServi - Loading from file system: file:/C:/Users/sarah/IdeaProjects/FindingFruitcake/target/classes/assets/textures/playerIdle.png
18:30:28.729 [FXGL Background Thread 1 ] DEBUG FXGLAssetLoaderServi - Loading from file system: file:/C:/Users/sarah/IdeaProjects/FindingFruitcake/target/classes/assets/textures/playerWalk.png
18:30:28.734 [FXGL Background Thread 1 ] INFO  FXGLApplication      - Game initialization took: 0.449 sec
18:30:28.735 [JavaFX Application Thread] DEBUG Input                - Clearing active input actions
18:30:28.743 [JavaFX Application Thread] DEBUG GameApplicationServi - Removing overlay from FXGLLoadingScene and adding to GameScene
18:30:28.743 [JavaFX Application Thread] DEBUG PrimaryStageWindow   - FXGLLoadingScene -> GameScene
18:30:31.209 [FXGL Background Thread 3 ] DEBUG Engine               - Logging environment variables
18:30:31.209 [FXGL Background Thread 3 ] DEBUG Engine               - achievements: []
18:30:31.210 [FXGL Background Thread 3 ] DEBUG Engine               - actualHeight: 400.0
18:30:31.210 [FXGL Background Thread 3 ] DEBUG Engine               - actualHeightProperty: ReadOnlyDoubleProperty [value: 400.0]
18:30:31.210 [FXGL Background Thread 3 ] DEBUG Engine               - actualWidth: 480.0
18:30:31.210 [FXGL Background Thread 3 ] DEBUG Engine               - actualWidthProperty: ReadOnlyDoubleProperty [value: 480.0]
18:30:31.210 [FXGL Background Thread 3 ] DEBUG Engine               - appIcon: fxgl_icon.png
18:30:31.210 [FXGL Background Thread 3 ] DEBUG Engine               - applicationMode: DEVELOPER
18:30:31.210 [FXGL Background Thread 3 ] DEBUG Engine               - cSSList: [fxgl_dark.css]
18:30:31.210 [FXGL Background Thread 3 ] DEBUG Engine               - collisionDetectionStrategy: BRUTE_FORCE
18:30:31.210 [FXGL Background Thread 3 ] DEBUG Engine               - configClass: Optional.empty
18:30:31.210 [FXGL Background Thread 3 ] DEBUG Engine               - credits: []
18:30:31.211 [FXGL Background Thread 3 ] DEBUG Engine               - defaultCursor: CursorInfo(imageName=fxgl_default_cursor.png, hotspotX=7.0, hotspotY=6.0)
18:30:31.211 [FXGL Background Thread 3 ] DEBUG Engine               - devBBoxColorProperty: ObjectProperty [value: 0xff0000ff]
18:30:31.211 [FXGL Background Thread 3 ] DEBUG Engine               - devEnableDebugCameraProperty: BooleanProperty [value: false]
18:30:31.211 [FXGL Background Thread 3 ] DEBUG Engine               - devSensorColorProperty: ObjectProperty [value: 0xffff00ff]
18:30:31.212 [FXGL Background Thread 3 ] DEBUG Engine               - devShowBBoxProperty: BooleanProperty [value: false]
18:30:31.212 [FXGL Background Thread 3 ] DEBUG Engine               - devShowPositionProperty: BooleanProperty [value: false]
18:30:31.212 [FXGL Background Thread 3 ] DEBUG Engine               - enabledMenuItems: []
18:30:31.212 [FXGL Background Thread 3 ] DEBUG Engine               - engineServices: [class com.almasb.fxgl.app.services.FXGLAssetLoaderService, class com.almasb.fxgl.app.FXGLApplication$GameApplicationService, class com.almasb.fxgl.app.services.FXGLDialogService, class com.almasb.fxgl.app.services.IOTaskExecutorService, class com.almasb.fxgl.io.FileSystemService, class com.almasb.fxgl.localization.LocalizationService, class com.almasb.fxgl.app.services.SystemBundleService, class com.almasb.fxgl.profile.SaveLoadService, class com.almasb.fxgl.ui.FXGLUIFactoryServiceProvider, class com.almasb.fxgl.ui.FXGLDialogFactoryServiceProvider, class com.almasb.fxgl.audio.AudioPlayer, class com.almasb.fxgl.notification.impl.NotificationServiceProvider, class com.almasb.fxgl.achievement.AchievementService, class com.almasb.fxgl.cutscene.CutsceneService, class com.almasb.fxgl.minigames.MiniGameService, class com.almasb.fxgl.net.NetService, class com.almasb.fxgl.app.services.UpdaterService, class com.almasb.fxgl.dev.DevService]
18:30:31.212 [FXGL Background Thread 3 ] DEBUG Engine               - fontGame: Abel-Regular.ttf
18:30:31.212 [FXGL Background Thread 3 ] DEBUG Engine               - fontMono: TerminalLandMono-Regular.otf
18:30:31.212 [FXGL Background Thread 3 ] DEBUG Engine               - fontText: Courier-Prime.ttf
18:30:31.213 [FXGL Background Thread 3 ] DEBUG Engine               - fontUI: VarelaRound-Regular.ttf
18:30:31.213 [FXGL Background Thread 3 ] DEBUG Engine               - fullScreen: BooleanProperty [value: false]
18:30:31.213 [FXGL Background Thread 3 ] DEBUG Engine               - gameDifficulty: MEDIUM
18:30:31.213 [FXGL Background Thread 3 ] DEBUG Engine               - gameDifficultyProperty: ObjectProperty [value: MEDIUM]
18:30:31.213 [FXGL Background Thread 3 ] DEBUG Engine               - globalMusicVolume: 0.5
18:30:31.213 [FXGL Background Thread 3 ] DEBUG Engine               - globalMusicVolumeProperty: DoubleProperty [value: 0.5]
18:30:31.213 [FXGL Background Thread 3 ] DEBUG Engine               - globalSoundVolume: 0.5
18:30:31.213 [FXGL Background Thread 3 ] DEBUG Engine               - globalSoundVolumeProperty: DoubleProperty [value: 0.5]
18:30:31.214 [FXGL Background Thread 3 ] DEBUG Engine               - height: 400
18:30:31.214 [FXGL Background Thread 3 ] DEBUG Engine               - is3D: false
18:30:31.214 [FXGL Background Thread 3 ] DEBUG Engine               - isAndroid: false
18:30:31.214 [FXGL Background Thread 3 ] DEBUG Engine               - isBrowser: false
18:30:31.214 [FXGL Background Thread 3 ] DEBUG Engine               - isClickFeedbackEnabled: false
18:30:31.214 [FXGL Background Thread 3 ] DEBUG Engine               - isCloseConfirmation: false
18:30:31.214 [FXGL Background Thread 3 ] DEBUG Engine               - isDesktop: true
18:30:31.214 [FXGL Background Thread 3 ] DEBUG Engine               - isDeveloperMenuEnabled: false
18:30:31.214 [FXGL Background Thread 3 ] DEBUG Engine               - isEmbedded: false
18:30:31.215 [FXGL Background Thread 3 ] DEBUG Engine               - isEntityPreloadEnabled: true
18:30:31.215 [FXGL Background Thread 3 ] DEBUG Engine               - isExperimentalTiledLargeMap: false
18:30:31.215 [FXGL Background Thread 3 ] DEBUG Engine               - isFileSystemWriteAllowed: true
18:30:31.215 [FXGL Background Thread 3 ] DEBUG Engine               - isFullScreenAllowed: false
18:30:31.215 [FXGL Background Thread 3 ] DEBUG Engine               - isFullScreenFromStart: false
18:30:31.215 [FXGL Background Thread 3 ] DEBUG Engine               - isGameMenuEnabled: true
18:30:31.215 [FXGL Background Thread 3 ] DEBUG Engine               - isIOS: false
18:30:31.215 [FXGL Background Thread 3 ] DEBUG Engine               - isIntroEnabled: false
18:30:31.216 [FXGL Background Thread 3 ] DEBUG Engine               - isLinux: false
18:30:31.216 [FXGL Background Thread 3 ] DEBUG Engine               - isMac: false
18:30:31.216 [FXGL Background Thread 3 ] DEBUG Engine               - isMainMenuEnabled: false
18:30:31.216 [FXGL Background Thread 3 ] DEBUG Engine               - isManualResizeEnabled: false
18:30:31.216 [FXGL Background Thread 3 ] DEBUG Engine               - isMobile: false
18:30:31.216 [FXGL Background Thread 3 ] DEBUG Engine               - isNative: false
18:30:31.216 [FXGL Background Thread 3 ] DEBUG Engine               - isPauseMusicWhenMinimized: true
18:30:31.216 [FXGL Background Thread 3 ] DEBUG Engine               - isPreserveResizeRatio: false
18:30:31.216 [FXGL Background Thread 3 ] DEBUG Engine               - isProfilingEnabled: false
18:30:31.216 [FXGL Background Thread 3 ] DEBUG Engine               - isScaleAffectedOnResize: true
18:30:31.217 [FXGL Background Thread 3 ] DEBUG Engine               - isSingleStep: false
18:30:31.217 [FXGL Background Thread 3 ] DEBUG Engine               - isUserProfileEnabled: false
18:30:31.217 [FXGL Background Thread 3 ] DEBUG Engine               - isWindows: true
18:30:31.217 [FXGL Background Thread 3 ] DEBUG Engine               - language: ObjectProperty [value: ENGLISH]
18:30:31.217 [FXGL Background Thread 3 ] DEBUG Engine               - menuKey: ESCAPE
18:30:31.217 [FXGL Background Thread 3 ] DEBUG Engine               - mouseSensitivity: 0.2
18:30:31.217 [FXGL Background Thread 3 ] DEBUG Engine               - notificationViewClass: class com.almasb.fxgl.notification.view.XboxNotificationView
18:30:31.217 [FXGL Background Thread 3 ] DEBUG Engine               - pixelsPerMeter: 50.0
18:30:31.217 [FXGL Background Thread 3 ] DEBUG Engine               - platform: WINDOWS
18:30:31.218 [FXGL Background Thread 3 ] DEBUG Engine               - prefHeightProperty: ReadOnlyDoubleProperty [value: 400.0]
18:30:31.218 [FXGL Background Thread 3 ] DEBUG Engine               - prefWidthProperty: ReadOnlyDoubleProperty [value: 480.0]
18:30:31.218 [FXGL Background Thread 3 ] DEBUG Engine               - profileDir: profiles/
18:30:31.218 [FXGL Background Thread 3 ] DEBUG Engine               - profileName: StringProperty [value: DEFAULT]
18:30:31.218 [FXGL Background Thread 3 ] DEBUG Engine               - randomSeed: -1
18:30:31.219 [FXGL Background Thread 3 ] DEBUG Engine               - runtimeInfo: RuntimeInfo(platform=WINDOWS, version=17.1, build=24.03.2022 17.34)
18:30:31.219 [FXGL Background Thread 3 ] DEBUG Engine               - saveFileExt: sav
18:30:31.219 [FXGL Background Thread 3 ] DEBUG Engine               - scaledHeightProp$fxgl: DoubleProperty [bound, value: 400.0]
18:30:31.219 [FXGL Background Thread 3 ] DEBUG Engine               - scaledWidthProp$fxgl: DoubleProperty [bound, value: 480.0]
18:30:31.219 [FXGL Background Thread 3 ] DEBUG Engine               - sceneFactory: com.almasb.fxgl.app.scene.SceneFactory@6a1e0828
18:30:31.219 [FXGL Background Thread 3 ] DEBUG Engine               - secondsIn24h: 60
18:30:31.219 [FXGL Background Thread 3 ] DEBUG Engine               - soundMenuBack: menu/back.wav
18:30:31.219 [FXGL Background Thread 3 ] DEBUG Engine               - soundMenuPress: menu/press.wav
18:30:31.219 [FXGL Background Thread 3 ] DEBUG Engine               - soundMenuSelect: menu/select.wav
18:30:31.219 [FXGL Background Thread 3 ] DEBUG Engine               - soundNotification: core/notification.wav
18:30:31.219 [FXGL Background Thread 3 ] DEBUG Engine               - stageStyle: DECORATED
18:30:31.219 [FXGL Background Thread 3 ] DEBUG Engine               - supportedLanguages: [ENGLISH, FRENCH, GERMAN, HUNGARIAN, RUSSIAN]
18:30:31.219 [FXGL Background Thread 3 ] DEBUG Engine               - ticksPerSecond: -1
18:30:31.219 [FXGL Background Thread 3 ] DEBUG Engine               - title: Basic Game App
18:30:31.219 [FXGL Background Thread 3 ] DEBUG Engine               - urlGithub: https://github.com/AlmasB/FXGL
18:30:31.219 [FXGL Background Thread 3 ] DEBUG Engine               - urlLeaderboard: http://fxgl-top.herokuapp.com/
18:30:31.219 [FXGL Background Thread 3 ] DEBUG Engine               - urlPOM: https://raw.githubusercontent.com/AlmasB/FXGL/release/README.md
18:30:31.219 [FXGL Background Thread 3 ] DEBUG Engine               - userAppClass: class com.example.findingfruitcake.BasicGame
18:30:31.220 [FXGL Background Thread 3 ] DEBUG Engine               - version: 0.1
18:30:31.220 [FXGL Background Thread 3 ] DEBUG Engine               - versionCheckDays: 7
18:30:31.220 [FXGL Background Thread 3 ] DEBUG Engine               - width: 480
18:30:31.220 [FXGL Background Thread 3 ] DEBUG Engine               - Logging services
18:30:31.220 [FXGL Background Thread 3 ] DEBUG Engine               - class com.almasb.fxgl.app.services.FXGLAssetLoaderService
18:30:31.220 [FXGL Background Thread 3 ] DEBUG Engine               - class com.almasb.fxgl.app.FXGLApplication$GameApplicationService
18:30:31.220 [FXGL Background Thread 3 ] DEBUG Engine               - class com.almasb.fxgl.app.services.FXGLDialogService
18:30:31.220 [FXGL Background Thread 3 ] DEBUG Engine               - class com.almasb.fxgl.app.services.IOTaskExecutorService
18:30:31.221 [FXGL Background Thread 3 ] DEBUG Engine               - class com.almasb.fxgl.io.FileSystemService
18:30:31.221 [FXGL Background Thread 3 ] DEBUG Engine               - class com.almasb.fxgl.localization.LocalizationService
18:30:31.221 [FXGL Background Thread 3 ] DEBUG Engine               - class com.almasb.fxgl.app.services.SystemBundleService
18:30:31.221 [FXGL Background Thread 3 ] DEBUG Engine               - class com.almasb.fxgl.profile.SaveLoadService
18:30:31.221 [FXGL Background Thread 3 ] DEBUG Engine               - class com.almasb.fxgl.ui.FXGLUIFactoryServiceProvider
18:30:31.221 [FXGL Background Thread 3 ] DEBUG Engine               - class com.almasb.fxgl.ui.FXGLDialogFactoryServiceProvider
18:30:31.221 [FXGL Background Thread 3 ] DEBUG Engine               - class com.almasb.fxgl.audio.AudioPlayer
18:30:31.221 [FXGL Background Thread 3 ] DEBUG Engine               - class com.almasb.fxgl.notification.impl.NotificationServiceProvider
18:30:31.221 [FXGL Background Thread 3 ] DEBUG Engine               - class com.almasb.fxgl.achievement.AchievementService
18:30:31.221 [FXGL Background Thread 3 ] DEBUG Engine               - class com.almasb.fxgl.cutscene.CutsceneService
18:30:31.221 [FXGL Background Thread 3 ] DEBUG Engine               - class com.almasb.fxgl.minigames.MiniGameService
18:30:31.221 [FXGL Background Thread 3 ] DEBUG Engine               - class com.almasb.fxgl.net.NetService
18:30:31.222 [FXGL Background Thread 3 ] DEBUG Engine               - class com.almasb.fxgl.app.services.UpdaterService
18:30:31.222 [FXGL Background Thread 3 ] DEBUG Engine               - class com.almasb.fxgl.dev.DevService
18:30:38.605 [JavaFX Application Thread] DEBUG FXGLApplication      - Exiting FXGL
18:30:38.605 [JavaFX Application Thread] DEBUG LoopRunner           - Stopping loop
18:30:38.605 [JavaFX Application Thread] DEBUG SystemBundleService  - Saving FXGL system data
18:30:38.607 [JavaFX Application Thread] DEBUG FileSystemAccess     - Writing to: C:\Users\sarah\IdeaProjects\FindingFruitcake\system\fxgl.bundle
18:30:38.609 [JavaFX Application Thread] DEBUG Async                - Shutting down background threads
18:30:38.610 [JavaFX Application Thread] DEBUG PrimaryStageWindow   - Closing main window
18:30:38.634 [JavaFX Application Thread] DEBUG Logger               - Closing Logger
