17:20:18.017 [main                     ] DEBUG Logger               - Configured Logger
17:20:18.041 [main                     ] DEBUG GameApplication      - Logging settings
Title: Basic Game App
Version: 0.1
Width: 480
Height: 400
Fullscreen: false
Intro: false
Profiling: false
Single step:false
App Mode: DEVELOPER
Menu Key: ESCAPE
Stage Style: DECORATED
Scene Factory: class com.almasb.fxgl.app.scene.SceneFactory

17:20:18.301 [JavaFX Application Thread] DEBUG FXGLApplication      - Initializing FXGL
17:20:18.307 [JavaFX Application Thread] INFO  Engine               - FXGL-17.1 (24.03.2022 17.34) on WINDOWS (J:17.0.2 FX:17.0.0.1)
17:20:18.308 [JavaFX Application Thread] DEBUG Engine               - JRE Vendor Name: Oracle Corporation
17:20:18.308 [JavaFX Application Thread] DEBUG Engine               - Running on OS: Windows 10 version 10.0
17:20:18.308 [JavaFX Application Thread] DEBUG Engine               - Architecture: amd64
17:20:18.308 [JavaFX Application Thread] INFO  Engine               - Source code and latest versions at: https://github.com/AlmasB/FXGL
17:20:18.309 [JavaFX Application Thread] INFO  Engine               -       Ask questions and discuss at: https://github.com/AlmasB/FXGL/discussions
17:20:18.309 [JavaFX Application Thread] INFO  Engine               -              Join the FXGL chat at: https://gitter.im/AlmasB/FXGL
17:20:18.379 [JavaFX Application Thread] DEBUG PrimaryStageWindow   - Creating a JavaFX scene
17:20:18.416 [JavaFX Application Thread] DEBUG PrimaryStageWindow   - Target settings size: 480.0 x 400.0
17:20:18.417 [JavaFX Application Thread] DEBUG PrimaryStageWindow   - Scaled scene size:    480.0 x 400.0
17:20:18.417 [JavaFX Application Thread] DEBUG PrimaryStageWindow   - Scaled ratio: (1.0, 1.0)
17:20:18.417 [JavaFX Application Thread] DEBUG PrimaryStageWindow   - Set initial scene to FXGLStartupScene
17:20:18.423 [JavaFX Application Thread] DEBUG PrimaryStageWindow   - Opening main window
17:20:18.488 [JavaFX Application Thread] DEBUG PrimaryStageWindow   - Window border size: (14.399993896484375, 37.600006103515625)
17:20:18.488 [JavaFX Application Thread] DEBUG PrimaryStageWindow   - Scaled size: 480.0 x 400.0
17:20:18.488 [JavaFX Application Thread] DEBUG PrimaryStageWindow   - Scaled ratio: (1.0, 1.0)
17:20:18.488 [JavaFX Application Thread] DEBUG PrimaryStageWindow   - Scene size: 480.0 x 400.0
17:20:18.489 [JavaFX Application Thread] DEBUG PrimaryStageWindow   - Stage size: 494.3999938964844 x 437.6000061035156
17:20:18.495 [FXGL Background Thread 1 ] DEBUG Engine               - Initializing environment variables
17:20:18.524 [FXGL Background Thread 1 ] DEBUG FXGLAssetLoaderServi - User app class for loading assets: class com.example.findingfruitcake.BasicGame
17:20:18.524 [FXGL Background Thread 1 ] DEBUG GameApplicationServi - Applying CSS: fxgl_dark.css
17:20:18.525 [FXGL Background Thread 1 ] DEBUG FXGLAssetLoaderServi - Loading from file system: jar:file:///C:/Users/sarah/.m2/repository/com/github/almasb/fxgl/17.1/fxgl-17.1.jar!/fxglassets/ui/css/fxgl_dark.css
17:20:18.570 [FXGL Background Thread 1 ] DEBUG GameApplicationServi - Initializing application scenes
17:20:18.617 [FXGL Background Thread 1 ] DEBUG GameWorld            - Game world initialized
17:20:18.656 [FXGL Background Thread 1 ] DEBUG PhysicsWorld         - Physics world initialized: appHeight=400, physics.ppm=50.0
17:20:18.657 [FXGL Background Thread 1 ] DEBUG PhysicsWorld         - Using strategy: BRUTE_FORCE
17:20:18.660 [FXGL Background Thread 1 ] DEBUG GameScene            - Game scene initialized: 480x400
17:20:18.669 [FXGL Background Thread 1 ] WARN  FXGL.DefaultMenu     - FXGLDefaultMenu is not designed for resolutions < 800x600
17:20:18.669 [FXGL Background Thread 1 ] DEBUG FXGL.DefaultMenu     - createMenuBodyGameMenu()
17:20:18.678 [FXGL Background Thread 1 ] DEBUG FXGL.DefaultMenu     - createOptionsMenu()
17:20:18.686 [FXGL Background Thread 1 ] DEBUG FXGLAssetLoaderServi - Loading from file system: jar:file:///C:/Users/sarah/.m2/repository/com/github/almasb/fxgl/17.1/fxgl-17.1.jar!/fxglassets/textures/particles/smoke.png
17:20:18.766 [FXGL Background Thread 1 ] DEBUG FXGLAssetLoaderServi - Loading from file system: jar:file:///C:/Users/sarah/.m2/repository/com/github/almasb/fxgl/17.1/fxgl-17.1.jar!/fxglassets/textures/particles/trace_horizontal.png
17:20:18.794 [FXGL Background Thread 1 ] DEBUG GameApplicationServi - Application scenes initialized
17:20:18.804 [FXGL Background Thread 1 ] DEBUG SystemBundleService  - Loading FXGL system data
17:20:18.807 [FXGL Background Thread 1 ] DEBUG FileSystemAccess     - Reading from: C:\Users\sarah\IdeaProjects\FindingFruitcake\system\fxgl.bundle
17:20:18.813 [FXGL Background Thread 1 ] DEBUG SystemBundleService  - Bundle FXGL: {}
17:20:18.813 [FXGL Background Thread 1 ] DEBUG UpdaterService       - Checking for updates
17:20:18.816 [FXGL Background Thread 4 ] DEBUG FXGLApplication      - Loading fonts
17:20:18.816 [FXGL Background Thread 4 ] DEBUG FXGLAssetLoaderServi - Loading from file system: jar:file:///C:/Users/sarah/.m2/repository/com/github/almasb/fxgl/17.1/fxgl-17.1.jar!/fxglassets/ui/fonts/VarelaRound-Regular.ttf
17:20:18.816 [FXGL Background Thread 1 ] DEBUG FXGLApplication      - Loading default localization
17:20:18.818 [FXGL Background Thread 1 ] DEBUG FXGLAssetLoaderServi - Loading from file system: jar:file:///C:/Users/sarah/.m2/repository/com/github/almasb/fxgl/17.1/fxgl-17.1.jar!/fxglassets/languages/english.lang
17:20:18.831 [FXGL Background Thread 1 ] INFO  FXGLApplication      - FXGL initialization took: 0.335 sec
17:20:18.833 [JavaFX Application Thread] DEBUG FXGLAssetLoaderServi - Loading from file system: jar:file:///C:/Users/sarah/.m2/repository/com/github/almasb/fxgl/17.1/fxgl-17.1.jar!/fxglassets/textures/fxgl_icon.png
17:20:18.847 [JavaFX Application Thread] DEBUG FXGLAssetLoaderServi - Loading from file system: jar:file:///C:/Users/sarah/.m2/repository/com/github/almasb/fxgl/17.1/fxgl-17.1.jar!/fxglassets/textures/fxgl_default_cursor.png
17:20:18.858 [JavaFX Application Thread] DEBUG Input                - Registered new binding: Screenshot - CTRL+8
17:20:18.858 [JavaFX Application Thread] DEBUG Input                - Registered new binding: System info dump - CTRL+9
17:20:18.859 [JavaFX Application Thread] DEBUG Input                - Registered new binding: Restart - CTRL+R
17:20:18.859 [JavaFX Application Thread] DEBUG Input                - Registered new binding: Toggle Debug Camera - CTRL+7
17:20:18.861 [JavaFX Application Thread] DEBUG LoopRunner           - Starting loop
17:20:18.862 [JavaFX Application Thread] DEBUG LoopRunner           - Initializing JavaFX AnimationTimerLoop
17:20:18.863 [JavaFX Application Thread] DEBUG GameApplicationServi - Starting new game
17:20:18.864 [JavaFX Application Thread] DEBUG Input                - Clearing active input actions
17:20:18.875 [JavaFX Application Thread] DEBUG GameApplicationServi - Removing overlay from FXGLStartupScene and adding to FXGLLoadingScene
17:20:18.876 [JavaFX Application Thread] DEBUG PrimaryStageWindow   - FXGLStartupScene -> FXGLLoadingScene
17:20:18.876 [JavaFX Application Thread] DEBUG GameApplicationServi - Clearing previous game
17:20:18.876 [JavaFX Application Thread] DEBUG GameScene            - Clearing game scene
17:20:18.876 [JavaFX Application Thread] DEBUG GameWorld            - Clearing game world
17:20:18.877 [JavaFX Application Thread] DEBUG PhysicsWorld         - Clearing physics world
17:20:18.879 [FXGL Background Thread 1 ] DEBUG FXGLApplication      - Initializing game
17:20:18.924 [FXGL Background Thread 4 ] DEBUG FXGLAssetLoaderServi - Loading from file system: jar:file:///C:/Users/sarah/.m2/repository/com/github/almasb/fxgl/17.1/fxgl-17.1.jar!/fxglassets/ui/fonts/Abel-Regular.ttf
17:20:18.939 [FXGL Background Thread 4 ] DEBUG FXGLAssetLoaderServi - Loading from file system: jar:file:///C:/Users/sarah/.m2/repository/com/github/almasb/fxgl/17.1/fxgl-17.1.jar!/fxglassets/ui/fonts/TerminalLandMono-Regular.otf
17:20:18.952 [FXGL Background Thread 4 ] DEBUG FXGLAssetLoaderServi - Loading from file system: jar:file:///C:/Users/sarah/.m2/repository/com/github/almasb/fxgl/17.1/fxgl-17.1.jar!/fxglassets/ui/fonts/Courier-Prime.ttf
17:20:18.959 [FXGL Background Thread 1 ] WARN  TMXLevelLoader       - TiledMap generated from 1.9.0. Supported version: 1.4.2. Some features may not be parsed fully.
17:20:18.974 [FXGL Background Thread 1 ] DEBUG TMXLevelLoader       - Parsed TiledMap: file:/C:/Users/sarah/IdeaProjects/FindingFruitcake/target/classes/assets/levels/CharacterHomeTest.tmx
17:20:18.976 [FXGL Background Thread 1 ] DEBUG TMXLevelLoader       - Creating tile layer entities
17:20:18.978 [FXGL Background Thread 1 ] DEBUG TilesetLoader        - Loading view for layer Floors and Walls
17:20:18.978 [FXGL Background Thread 1 ] DEBUG TilesetLoader        - Created buffer with size 480.0x400.0
17:20:19.003 [JavaFX Application Thread] DEBUG FXGLApplication      - Registering font factories with UI factory
17:20:19.062 [FXGL Background Thread 1 ] DEBUG TilesetLoader        - Loading view for layer Stair
17:20:19.062 [FXGL Background Thread 1 ] DEBUG TilesetLoader        - Created buffer with size 480.0x400.0
17:20:19.222 [FXGL Background Thread 1 ] DEBUG TilesetLoader        - Loading view for layer Wall / Floor Decor
17:20:19.223 [FXGL Background Thread 1 ] DEBUG TilesetLoader        - Created buffer with size 480.0x400.0
17:20:19.241 [FXGL Background Thread 1 ] DEBUG TilesetLoader        - Loading view for layer Large Furniture
17:20:19.242 [FXGL Background Thread 1 ] DEBUG TilesetLoader        - Created buffer with size 480.0x400.0
17:20:19.250 [FXGL Background Thread 1 ] DEBUG TilesetLoader        - Loading view for layer Mid Furniture
17:20:19.251 [FXGL Background Thread 1 ] DEBUG TilesetLoader        - Created buffer with size 480.0x400.0
17:20:19.252 [FXGL Background Thread 1 ] DEBUG TilesetLoader        - Loading view for layer Small Furniture
17:20:19.252 [FXGL Background Thread 1 ] DEBUG TilesetLoader        - Created buffer with size 480.0x400.0
17:20:19.253 [FXGL Background Thread 1 ] DEBUG TilesetLoader        - Loading view for layer Exits
17:20:19.254 [FXGL Background Thread 1 ] DEBUG TilesetLoader        - Created buffer with size 480.0x400.0
17:20:19.254 [FXGL Background Thread 1 ] DEBUG TMXLevelLoader       - Creating object layer entities
17:20:19.257 [FXGL Background Thread 1 ] WARN  TMXLevelLoader       - Parse error
java.lang.IllegalArgumentException: No EntityFactory has a method annotated @Spawns()
	at com.almasb.fxgl.entity@17.1/com.almasb.fxgl.entity.GameWorld.create(GameWorld.kt:413)
	at com.almasb.fxgl.entity@17.1/com.almasb.fxgl.entity.level.tiled.TMXLevelLoader.createObjectLayerEntities(TMXLevelLoader.kt:154)
	at com.almasb.fxgl.entity@17.1/com.almasb.fxgl.entity.level.tiled.TMXLevelLoader.load(TMXLevelLoader.kt:60)
	at com.almasb.fxgl.all@17.1/com.almasb.fxgl.app.services.FXGLAssetLoaderService.loadLevel(FXGLAssetLoaderService.kt:446)
	at com.almasb.fxgl.all@17.1/com.almasb.fxgl.dsl.FXGL$Companion.setLevelFromMap(FXGL.kt:634)
	at com.almasb.fxgl.all@17.1/com.almasb.fxgl.dsl.FXGL.setLevelFromMap(FXGL.kt)
	at com.example.findingfruitcake/com.example.findingfruitcake.BasicGame.initGame(BasicGame.java:20)
	at com.almasb.fxgl.all@17.1/com.almasb.fxgl.app.FXGLApplication$InitAppTask.initGame(FXGLApplication.kt:339)
	at com.almasb.fxgl.all@17.1/com.almasb.fxgl.app.FXGLApplication$InitAppTask.call(FXGLApplication.kt:319)
	at com.almasb.fxgl.all@17.1/com.almasb.fxgl.app.FXGLApplication$InitAppTask.call(FXGLApplication.kt:311)
	at javafx.graphics/javafx.concurrent.Task$TaskCallable.call(Task.java:1426)
	at java.base/java.util.concurrent.FutureTask.run(FutureTask.java:264)
	at java.base/java.util.concurrent.Executors$RunnableAdapter.call(Executors.java:539)
	at java.base/java.util.concurrent.FutureTask.run(FutureTask.java:264)
	at java.base/java.util.concurrent.ThreadPoolExecutor.runWorker(ThreadPoolExecutor.java:1136)
	at java.base/java.util.concurrent.ThreadPoolExecutor$Worker.run(ThreadPoolExecutor.java:635)
	at java.base/java.lang.Thread.run(Thread.java:833)

17:20:19.265 [JavaFX Application Thread] DEBUG LoopRunner           - Stopping loop
17:20:19.266 [JavaFX Application Thread] FATAL FXGLApplication      - Uncaught Exception:
java.lang.RuntimeException: Initialization failed
	at com.almasb.fxgl.all@17.1/com.almasb.fxgl.app.FXGLApplication$InitAppTask.failed(FXGLApplication.kt:343)
	at javafx.graphics/javafx.concurrent.Task.setState(Task.java:710)
	at javafx.graphics/javafx.concurrent.Task$TaskCallable.lambda$call$2(Task.java:1456)
	at javafx.graphics/com.sun.javafx.application.PlatformImpl.lambda$runLater$10(PlatformImpl.java:457)
	at java.base/java.security.AccessController.doPrivileged(AccessController.java:399)
	at javafx.graphics/com.sun.javafx.application.PlatformImpl.lambda$runLater$11(PlatformImpl.java:456)
	at javafx.graphics/com.sun.glass.ui.InvokeLaterDispatcher$Future.run(InvokeLaterDispatcher.java:96)
	at javafx.graphics/com.sun.glass.ui.win.WinApplication._runLoop(Native Method)
	at javafx.graphics/com.sun.glass.ui.win.WinApplication.lambda$runLoop$3(WinApplication.java:184)
	at java.base/java.lang.Thread.run(Thread.java:833)
Caused by: com.almasb.fxgl.entity.level.LevelLoadingException: No EntityFactory has a method annotated @Spawns()
	at com.almasb.fxgl.entity@17.1/com.almasb.fxgl.entity.level.tiled.TMXLevelLoader.load(TMXLevelLoader.kt:78)
	at com.almasb.fxgl.all@17.1/com.almasb.fxgl.app.services.FXGLAssetLoaderService.loadLevel(FXGLAssetLoaderService.kt:446)
	at com.almasb.fxgl.all@17.1/com.almasb.fxgl.dsl.FXGL$Companion.setLevelFromMap(FXGL.kt:634)
	at com.almasb.fxgl.all@17.1/com.almasb.fxgl.dsl.FXGL.setLevelFromMap(FXGL.kt)
	at com.example.findingfruitcake/com.example.findingfruitcake.BasicGame.initGame(BasicGame.java:20)
	at com.almasb.fxgl.all@17.1/com.almasb.fxgl.app.FXGLApplication$InitAppTask.initGame(FXGLApplication.kt:339)
	at com.almasb.fxgl.all@17.1/com.almasb.fxgl.app.FXGLApplication$InitAppTask.call(FXGLApplication.kt:319)
	at com.almasb.fxgl.all@17.1/com.almasb.fxgl.app.FXGLApplication$InitAppTask.call(FXGLApplication.kt:311)
	at javafx.graphics/javafx.concurrent.Task$TaskCallable.call(Task.java:1426)
	at java.base/java.util.concurrent.FutureTask.run(FutureTask.java:264)
	at java.base/java.util.concurrent.Executors$RunnableAdapter.call(Executors.java:539)
	at java.base/java.util.concurrent.FutureTask.run(FutureTask.java:264)
	at java.base/java.util.concurrent.ThreadPoolExecutor.runWorker(ThreadPoolExecutor.java:1136)
	at java.base/java.util.concurrent.ThreadPoolExecutor$Worker.run(ThreadPoolExecutor.java:635)
	... 1 more
Caused by: java.lang.IllegalArgumentException: No EntityFactory has a method annotated @Spawns()
	at com.almasb.fxgl.entity@17.1/com.almasb.fxgl.entity.GameWorld.create(GameWorld.kt:413)
	at com.almasb.fxgl.entity@17.1/com.almasb.fxgl.entity.level.tiled.TMXLevelLoader.createObjectLayerEntities(TMXLevelLoader.kt:154)
	at com.almasb.fxgl.entity@17.1/com.almasb.fxgl.entity.level.tiled.TMXLevelLoader.load(TMXLevelLoader.kt:60)
	... 14 more

17:20:19.266 [JavaFX Application Thread] FATAL FXGLApplication      - Application will now exit
17:20:19.278 [JavaFX Application Thread] DEBUG PrimaryStageWindow   - Push state: ErrorSubScene
17:20:19.278 [JavaFX Application Thread] DEBUG Input                - Clearing active input actions
17:20:19.282 [JavaFX Application Thread] DEBUG GameApplicationServi - Removing overlay from FXGLLoadingScene and adding to ErrorSubScene
17:20:19.282 [JavaFX Application Thread] DEBUG PrimaryStageWindow   - FXGLLoadingScene -> ErrorSubScene
17:20:21.816 [FXGL Background Thread 3 ] DEBUG Engine               - Logging environment variables
17:20:21.816 [FXGL Background Thread 3 ] DEBUG Engine               - achievements: []
17:20:21.816 [FXGL Background Thread 3 ] DEBUG Engine               - actualHeight: 400.0
17:20:21.816 [FXGL Background Thread 3 ] DEBUG Engine               - actualHeightProperty: ReadOnlyDoubleProperty [value: 400.0]
17:20:21.817 [FXGL Background Thread 3 ] DEBUG Engine               - actualWidth: 480.0
17:20:21.817 [FXGL Background Thread 3 ] DEBUG Engine               - actualWidthProperty: ReadOnlyDoubleProperty [value: 480.0]
17:20:21.817 [FXGL Background Thread 3 ] DEBUG Engine               - appIcon: fxgl_icon.png
17:20:21.817 [FXGL Background Thread 3 ] DEBUG Engine               - applicationMode: DEVELOPER
17:20:21.817 [FXGL Background Thread 3 ] DEBUG Engine               - cSSList: [fxgl_dark.css]
17:20:21.817 [FXGL Background Thread 3 ] DEBUG Engine               - collisionDetectionStrategy: BRUTE_FORCE
17:20:21.817 [FXGL Background Thread 3 ] DEBUG Engine               - configClass: Optional.empty
17:20:21.817 [FXGL Background Thread 3 ] DEBUG Engine               - credits: []
17:20:21.818 [FXGL Background Thread 3 ] DEBUG Engine               - defaultCursor: CursorInfo(imageName=fxgl_default_cursor.png, hotspotX=7.0, hotspotY=6.0)
17:20:21.818 [FXGL Background Thread 3 ] DEBUG Engine               - devBBoxColorProperty: ObjectProperty [value: 0xff0000ff]
17:20:21.818 [FXGL Background Thread 3 ] DEBUG Engine               - devEnableDebugCameraProperty: BooleanProperty [value: false]
17:20:21.818 [FXGL Background Thread 3 ] DEBUG Engine               - devSensorColorProperty: ObjectProperty [value: 0xffff00ff]
17:20:21.818 [FXGL Background Thread 3 ] DEBUG Engine               - devShowBBoxProperty: BooleanProperty [value: false]
17:20:21.819 [FXGL Background Thread 3 ] DEBUG Engine               - devShowPositionProperty: BooleanProperty [value: false]
17:20:21.819 [FXGL Background Thread 3 ] DEBUG Engine               - enabledMenuItems: []
17:20:21.819 [FXGL Background Thread 3 ] DEBUG Engine               - engineServices: [class com.almasb.fxgl.app.services.FXGLAssetLoaderService, class com.almasb.fxgl.app.FXGLApplication$GameApplicationService, class com.almasb.fxgl.app.services.FXGLDialogService, class com.almasb.fxgl.app.services.IOTaskExecutorService, class com.almasb.fxgl.io.FileSystemService, class com.almasb.fxgl.localization.LocalizationService, class com.almasb.fxgl.app.services.SystemBundleService, class com.almasb.fxgl.profile.SaveLoadService, class com.almasb.fxgl.ui.FXGLUIFactoryServiceProvider, class com.almasb.fxgl.ui.FXGLDialogFactoryServiceProvider, class com.almasb.fxgl.audio.AudioPlayer, class com.almasb.fxgl.notification.impl.NotificationServiceProvider, class com.almasb.fxgl.achievement.AchievementService, class com.almasb.fxgl.cutscene.CutsceneService, class com.almasb.fxgl.minigames.MiniGameService, class com.almasb.fxgl.net.NetService, class com.almasb.fxgl.app.services.UpdaterService, class com.almasb.fxgl.dev.DevService]
17:20:21.819 [FXGL Background Thread 3 ] DEBUG Engine               - fontGame: Abel-Regular.ttf
17:20:21.819 [FXGL Background Thread 3 ] DEBUG Engine               - fontMono: TerminalLandMono-Regular.otf
17:20:21.819 [FXGL Background Thread 3 ] DEBUG Engine               - fontText: Courier-Prime.ttf
17:20:21.819 [FXGL Background Thread 3 ] DEBUG Engine               - fontUI: VarelaRound-Regular.ttf
17:20:21.819 [FXGL Background Thread 3 ] DEBUG Engine               - fullScreen: BooleanProperty [value: false]
17:20:21.819 [FXGL Background Thread 3 ] DEBUG Engine               - gameDifficulty: MEDIUM
17:20:21.819 [FXGL Background Thread 3 ] DEBUG Engine               - gameDifficultyProperty: ObjectProperty [value: MEDIUM]
17:20:21.820 [FXGL Background Thread 3 ] DEBUG Engine               - globalMusicVolume: 0.5
17:20:21.820 [FXGL Background Thread 3 ] DEBUG Engine               - globalMusicVolumeProperty: DoubleProperty [value: 0.5]
17:20:21.820 [FXGL Background Thread 3 ] DEBUG Engine               - globalSoundVolume: 0.5
17:20:21.820 [FXGL Background Thread 3 ] DEBUG Engine               - globalSoundVolumeProperty: DoubleProperty [value: 0.5]
17:20:21.820 [FXGL Background Thread 3 ] DEBUG Engine               - height: 400
17:20:21.820 [FXGL Background Thread 3 ] DEBUG Engine               - is3D: false
17:20:21.820 [FXGL Background Thread 3 ] DEBUG Engine               - isAndroid: false
17:20:21.820 [FXGL Background Thread 3 ] DEBUG Engine               - isBrowser: false
17:20:21.820 [FXGL Background Thread 3 ] DEBUG Engine               - isClickFeedbackEnabled: false
17:20:21.821 [FXGL Background Thread 3 ] DEBUG Engine               - isCloseConfirmation: false
17:20:21.821 [FXGL Background Thread 3 ] DEBUG Engine               - isDesktop: true
17:20:21.821 [FXGL Background Thread 3 ] DEBUG Engine               - isDeveloperMenuEnabled: false
17:20:21.821 [FXGL Background Thread 3 ] DEBUG Engine               - isEmbedded: false
17:20:21.821 [FXGL Background Thread 3 ] DEBUG Engine               - isEntityPreloadEnabled: true
17:20:21.821 [FXGL Background Thread 3 ] DEBUG Engine               - isExperimentalTiledLargeMap: false
17:20:21.821 [FXGL Background Thread 3 ] DEBUG Engine               - isFileSystemWriteAllowed: true
17:20:21.821 [FXGL Background Thread 3 ] DEBUG Engine               - isFullScreenAllowed: false
17:20:21.821 [FXGL Background Thread 3 ] DEBUG Engine               - isFullScreenFromStart: false
17:20:21.821 [FXGL Background Thread 3 ] DEBUG Engine               - isGameMenuEnabled: true
17:20:21.821 [FXGL Background Thread 3 ] DEBUG Engine               - isIOS: false
17:20:21.822 [FXGL Background Thread 3 ] DEBUG Engine               - isIntroEnabled: false
17:20:21.822 [FXGL Background Thread 3 ] DEBUG Engine               - isLinux: false
17:20:21.822 [FXGL Background Thread 3 ] DEBUG Engine               - isMac: false
17:20:21.822 [FXGL Background Thread 3 ] DEBUG Engine               - isMainMenuEnabled: false
17:20:21.822 [FXGL Background Thread 3 ] DEBUG Engine               - isManualResizeEnabled: false
17:20:21.822 [FXGL Background Thread 3 ] DEBUG Engine               - isMobile: false
17:20:21.822 [FXGL Background Thread 3 ] DEBUG Engine               - isNative: false
17:20:21.822 [FXGL Background Thread 3 ] DEBUG Engine               - isPauseMusicWhenMinimized: true
17:20:21.822 [FXGL Background Thread 3 ] DEBUG Engine               - isPreserveResizeRatio: false
17:20:21.822 [FXGL Background Thread 3 ] DEBUG Engine               - isProfilingEnabled: false
17:20:21.822 [FXGL Background Thread 3 ] DEBUG Engine               - isScaleAffectedOnResize: true
17:20:21.823 [FXGL Background Thread 3 ] DEBUG Engine               - isSingleStep: false
17:20:21.823 [FXGL Background Thread 3 ] DEBUG Engine               - isUserProfileEnabled: false
17:20:21.823 [FXGL Background Thread 3 ] DEBUG Engine               - isWindows: true
17:20:21.823 [FXGL Background Thread 3 ] DEBUG Engine               - language: ObjectProperty [value: ENGLISH]
17:20:21.823 [FXGL Background Thread 3 ] DEBUG Engine               - menuKey: ESCAPE
17:20:21.823 [FXGL Background Thread 3 ] DEBUG Engine               - mouseSensitivity: 0.2
17:20:21.823 [FXGL Background Thread 3 ] DEBUG Engine               - notificationViewClass: class com.almasb.fxgl.notification.view.XboxNotificationView
17:20:21.823 [FXGL Background Thread 3 ] DEBUG Engine               - pixelsPerMeter: 50.0
17:20:21.823 [FXGL Background Thread 3 ] DEBUG Engine               - platform: WINDOWS
17:20:21.823 [FXGL Background Thread 3 ] DEBUG Engine               - prefHeightProperty: ReadOnlyDoubleProperty [value: 400.0]
17:20:21.823 [FXGL Background Thread 3 ] DEBUG Engine               - prefWidthProperty: ReadOnlyDoubleProperty [value: 480.0]
17:20:21.823 [FXGL Background Thread 3 ] DEBUG Engine               - profileDir: profiles/
17:20:21.824 [FXGL Background Thread 3 ] DEBUG Engine               - profileName: StringProperty [value: DEFAULT]
17:20:21.824 [FXGL Background Thread 3 ] DEBUG Engine               - randomSeed: -1
17:20:21.824 [FXGL Background Thread 3 ] DEBUG Engine               - runtimeInfo: RuntimeInfo(platform=WINDOWS, version=17.1, build=24.03.2022 17.34)
17:20:21.824 [FXGL Background Thread 3 ] DEBUG Engine               - saveFileExt: sav
17:20:21.824 [FXGL Background Thread 3 ] DEBUG Engine               - scaledHeightProp$fxgl: DoubleProperty [bound, value: 400.0]
17:20:21.824 [FXGL Background Thread 3 ] DEBUG Engine               - scaledWidthProp$fxgl: DoubleProperty [bound, value: 480.0]
17:20:21.824 [FXGL Background Thread 3 ] DEBUG Engine               - sceneFactory: com.almasb.fxgl.app.scene.SceneFactory@76b73fcf
17:20:21.824 [FXGL Background Thread 3 ] DEBUG Engine               - secondsIn24h: 60
17:20:21.824 [FXGL Background Thread 3 ] DEBUG Engine               - soundMenuBack: menu/back.wav
17:20:21.825 [FXGL Background Thread 3 ] DEBUG Engine               - soundMenuPress: menu/press.wav
17:20:21.825 [FXGL Background Thread 3 ] DEBUG Engine               - soundMenuSelect: menu/select.wav
17:20:21.825 [FXGL Background Thread 3 ] DEBUG Engine               - soundNotification: core/notification.wav
17:20:21.825 [FXGL Background Thread 3 ] DEBUG Engine               - stageStyle: DECORATED
17:20:21.825 [FXGL Background Thread 3 ] DEBUG Engine               - supportedLanguages: [ENGLISH, FRENCH, GERMAN, HUNGARIAN, RUSSIAN]
17:20:21.825 [FXGL Background Thread 3 ] DEBUG Engine               - ticksPerSecond: -1
17:20:21.825 [FXGL Background Thread 3 ] DEBUG Engine               - title: Basic Game App
17:20:21.825 [FXGL Background Thread 3 ] DEBUG Engine               - urlGithub: https://github.com/AlmasB/FXGL
17:20:21.825 [FXGL Background Thread 3 ] DEBUG Engine               - urlLeaderboard: http://fxgl-top.herokuapp.com/
17:20:21.825 [FXGL Background Thread 3 ] DEBUG Engine               - urlPOM: https://raw.githubusercontent.com/AlmasB/FXGL/release/README.md
17:20:21.825 [FXGL Background Thread 3 ] DEBUG Engine               - userAppClass: class com.example.findingfruitcake.BasicGame
17:20:21.825 [FXGL Background Thread 3 ] DEBUG Engine               - version: 0.1
17:20:21.825 [FXGL Background Thread 3 ] DEBUG Engine               - versionCheckDays: 7
17:20:21.825 [FXGL Background Thread 3 ] DEBUG Engine               - width: 480
17:20:21.825 [FXGL Background Thread 3 ] DEBUG Engine               - Logging services
17:20:21.825 [FXGL Background Thread 3 ] DEBUG Engine               - class com.almasb.fxgl.app.services.FXGLAssetLoaderService
17:20:21.825 [FXGL Background Thread 3 ] DEBUG Engine               - class com.almasb.fxgl.app.FXGLApplication$GameApplicationService
17:20:21.825 [FXGL Background Thread 3 ] DEBUG Engine               - class com.almasb.fxgl.app.services.FXGLDialogService
17:20:21.826 [FXGL Background Thread 3 ] DEBUG Engine               - class com.almasb.fxgl.app.services.IOTaskExecutorService
17:20:21.826 [FXGL Background Thread 3 ] DEBUG Engine               - class com.almasb.fxgl.io.FileSystemService
17:20:21.826 [FXGL Background Thread 3 ] DEBUG Engine               - class com.almasb.fxgl.localization.LocalizationService
17:20:21.826 [FXGL Background Thread 3 ] DEBUG Engine               - class com.almasb.fxgl.app.services.SystemBundleService
17:20:21.826 [FXGL Background Thread 3 ] DEBUG Engine               - class com.almasb.fxgl.profile.SaveLoadService
17:20:21.827 [FXGL Background Thread 3 ] DEBUG Engine               - class com.almasb.fxgl.ui.FXGLUIFactoryServiceProvider
17:20:21.827 [FXGL Background Thread 3 ] DEBUG Engine               - class com.almasb.fxgl.ui.FXGLDialogFactoryServiceProvider
17:20:21.827 [FXGL Background Thread 3 ] DEBUG Engine               - class com.almasb.fxgl.audio.AudioPlayer
17:20:21.827 [FXGL Background Thread 3 ] DEBUG Engine               - class com.almasb.fxgl.notification.impl.NotificationServiceProvider
17:20:21.827 [FXGL Background Thread 3 ] DEBUG Engine               - class com.almasb.fxgl.achievement.AchievementService
17:20:21.827 [FXGL Background Thread 3 ] DEBUG Engine               - class com.almasb.fxgl.cutscene.CutsceneService
17:20:21.827 [FXGL Background Thread 3 ] DEBUG Engine               - class com.almasb.fxgl.minigames.MiniGameService
17:20:21.827 [FXGL Background Thread 3 ] DEBUG Engine               - class com.almasb.fxgl.net.NetService
17:20:21.827 [FXGL Background Thread 3 ] DEBUG Engine               - class com.almasb.fxgl.app.services.UpdaterService
17:20:21.827 [FXGL Background Thread 3 ] DEBUG Engine               - class com.almasb.fxgl.dev.DevService
17:21:53.084 [JavaFX Application Thread] DEBUG FXGLApplication      - Exiting FXGL
17:21:53.085 [JavaFX Application Thread] DEBUG Async                - Shutting down background threads
17:21:53.085 [JavaFX Application Thread] DEBUG PrimaryStageWindow   - Closing main window
17:21:53.100 [JavaFX Application Thread] DEBUG Logger               - Closing Logger
