16:10:16.506 [main                     ] DEBUG Logger               - Configured Logger
16:10:16.532 [main                     ] DEBUG GameApplication      - Logging settings
Title: Basic Game App
Version: 0.1
Width: 480
Height: 400
Fullscreen: false
Intro: false
Profiling: false
Single step:false
App Mode: DEVELOPER
Menu Key: ESCAPE
Stage Style: DECORATED
Scene Factory: class com.almasb.fxgl.app.scene.SceneFactory

16:10:16.794 [JavaFX Application Thread] DEBUG FXGLApplication      - Initializing FXGL
16:10:16.799 [JavaFX Application Thread] INFO  Engine               - FXGL-17.1 (24.03.2022 17.34) on WINDOWS (J:17.0.2 FX:17.0.0.1)
16:10:16.799 [JavaFX Application Thread] DEBUG Engine               - JRE Vendor Name: Oracle Corporation
16:10:16.800 [JavaFX Application Thread] DEBUG Engine               - Running on OS: Windows 10 version 10.0
16:10:16.800 [JavaFX Application Thread] DEBUG Engine               - Architecture: amd64
16:10:16.800 [JavaFX Application Thread] INFO  Engine               - Source code and latest versions at: https://github.com/AlmasB/FXGL
16:10:16.800 [JavaFX Application Thread] INFO  Engine               -       Ask questions and discuss at: https://github.com/AlmasB/FXGL/discussions
16:10:16.800 [JavaFX Application Thread] INFO  Engine               -              Join the FXGL chat at: https://gitter.im/AlmasB/FXGL
16:10:16.865 [JavaFX Application Thread] DEBUG PrimaryStageWindow   - Creating a JavaFX scene
16:10:16.898 [JavaFX Application Thread] DEBUG PrimaryStageWindow   - Target settings size: 480.0 x 400.0
16:10:16.898 [JavaFX Application Thread] DEBUG PrimaryStageWindow   - Scaled scene size:    480.0 x 400.0
16:10:16.899 [JavaFX Application Thread] DEBUG PrimaryStageWindow   - Scaled ratio: (1.0, 1.0)
16:10:16.899 [JavaFX Application Thread] DEBUG PrimaryStageWindow   - Set initial scene to FXGLStartupScene
16:10:16.905 [JavaFX Application Thread] DEBUG PrimaryStageWindow   - Opening main window
16:10:16.969 [JavaFX Application Thread] DEBUG PrimaryStageWindow   - Window border size: (14.399993896484375, 37.600006103515625)
16:10:16.970 [JavaFX Application Thread] DEBUG PrimaryStageWindow   - Scaled size: 480.0 x 400.0
16:10:16.970 [JavaFX Application Thread] DEBUG PrimaryStageWindow   - Scaled ratio: (1.0, 1.0)
16:10:16.971 [JavaFX Application Thread] DEBUG PrimaryStageWindow   - Scene size: 480.0 x 400.0
16:10:16.971 [JavaFX Application Thread] DEBUG PrimaryStageWindow   - Stage size: 494.3999938964844 x 437.6000061035156
16:10:16.978 [FXGL Background Thread 1 ] DEBUG Engine               - Initializing environment variables
16:10:17.007 [FXGL Background Thread 1 ] DEBUG FXGLAssetLoaderServi - User app class for loading assets: class com.example.findingfruitcake.BasicGame
16:10:17.007 [FXGL Background Thread 1 ] DEBUG GameApplicationServi - Applying CSS: fxgl_dark.css
16:10:17.008 [FXGL Background Thread 1 ] DEBUG FXGLAssetLoaderServi - Loading from file system: jar:file:///C:/Users/sarah/.m2/repository/com/github/almasb/fxgl/17.1/fxgl-17.1.jar!/fxglassets/ui/css/fxgl_dark.css
16:10:17.055 [FXGL Background Thread 1 ] DEBUG GameApplicationServi - Initializing application scenes
16:10:17.100 [FXGL Background Thread 1 ] DEBUG GameWorld            - Game world initialized
16:10:17.143 [FXGL Background Thread 1 ] DEBUG PhysicsWorld         - Physics world initialized: appHeight=400, physics.ppm=50.0
16:10:17.144 [FXGL Background Thread 1 ] DEBUG PhysicsWorld         - Using strategy: BRUTE_FORCE
16:10:17.150 [FXGL Background Thread 1 ] DEBUG GameScene            - Game scene initialized: 480x400
16:10:17.162 [FXGL Background Thread 1 ] WARN  FXGL.DefaultMenu     - FXGLDefaultMenu is not designed for resolutions < 800x600
16:10:17.162 [FXGL Background Thread 1 ] DEBUG FXGL.DefaultMenu     - createMenuBodyGameMenu()
16:10:17.173 [FXGL Background Thread 1 ] DEBUG FXGL.DefaultMenu     - createOptionsMenu()
16:10:17.181 [FXGL Background Thread 1 ] DEBUG FXGLAssetLoaderServi - Loading from file system: jar:file:///C:/Users/sarah/.m2/repository/com/github/almasb/fxgl/17.1/fxgl-17.1.jar!/fxglassets/textures/particles/smoke.png
16:10:17.252 [FXGL Background Thread 1 ] DEBUG FXGLAssetLoaderServi - Loading from file system: jar:file:///C:/Users/sarah/.m2/repository/com/github/almasb/fxgl/17.1/fxgl-17.1.jar!/fxglassets/textures/particles/trace_horizontal.png
16:10:17.284 [FXGL Background Thread 1 ] DEBUG GameApplicationServi - Application scenes initialized
16:10:17.296 [FXGL Background Thread 1 ] DEBUG SystemBundleService  - Loading FXGL system data
16:10:17.300 [FXGL Background Thread 1 ] DEBUG FileSystemAccess     - Reading from: C:\Users\sarah\IdeaProjects\FindingFruitcake\system\fxgl.bundle
16:10:17.305 [FXGL Background Thread 1 ] DEBUG SystemBundleService  - Bundle FXGL: {}
16:10:17.305 [FXGL Background Thread 1 ] DEBUG UpdaterService       - Checking for updates
16:10:17.308 [FXGL Background Thread 4 ] DEBUG FXGLApplication      - Loading fonts
16:10:17.308 [FXGL Background Thread 1 ] DEBUG FXGLApplication      - Loading default localization
16:10:17.308 [FXGL Background Thread 4 ] DEBUG FXGLAssetLoaderServi - Loading from file system: jar:file:///C:/Users/sarah/.m2/repository/com/github/almasb/fxgl/17.1/fxgl-17.1.jar!/fxglassets/ui/fonts/VarelaRound-Regular.ttf
16:10:17.309 [FXGL Background Thread 1 ] DEBUG FXGLAssetLoaderServi - Loading from file system: jar:file:///C:/Users/sarah/.m2/repository/com/github/almasb/fxgl/17.1/fxgl-17.1.jar!/fxglassets/languages/english.lang
16:10:17.324 [FXGL Background Thread 1 ] INFO  FXGLApplication      - FXGL initialization took: 0.346 sec
16:10:17.326 [JavaFX Application Thread] DEBUG FXGLAssetLoaderServi - Loading from file system: jar:file:///C:/Users/sarah/.m2/repository/com/github/almasb/fxgl/17.1/fxgl-17.1.jar!/fxglassets/textures/fxgl_icon.png
16:10:17.343 [JavaFX Application Thread] DEBUG FXGLAssetLoaderServi - Loading from file system: jar:file:///C:/Users/sarah/.m2/repository/com/github/almasb/fxgl/17.1/fxgl-17.1.jar!/fxglassets/textures/fxgl_default_cursor.png
16:10:17.355 [JavaFX Application Thread] DEBUG Input                - Registered new binding: Screenshot - CTRL+8
16:10:17.356 [JavaFX Application Thread] DEBUG Input                - Registered new binding: System info dump - CTRL+9
16:10:17.356 [JavaFX Application Thread] DEBUG Input                - Registered new binding: Restart - CTRL+R
16:10:17.356 [JavaFX Application Thread] DEBUG Input                - Registered new binding: Toggle Debug Camera - CTRL+7
16:10:17.358 [JavaFX Application Thread] DEBUG LoopRunner           - Starting loop
16:10:17.358 [JavaFX Application Thread] DEBUG LoopRunner           - Initializing JavaFX AnimationTimerLoop
16:10:17.360 [JavaFX Application Thread] DEBUG GameApplicationServi - Starting new game
16:10:17.360 [JavaFX Application Thread] DEBUG Input                - Clearing active input actions
16:10:17.371 [JavaFX Application Thread] DEBUG GameApplicationServi - Removing overlay from FXGLStartupScene and adding to FXGLLoadingScene
16:10:17.372 [JavaFX Application Thread] DEBUG PrimaryStageWindow   - FXGLStartupScene -> FXGLLoadingScene
16:10:17.372 [JavaFX Application Thread] DEBUG GameApplicationServi - Clearing previous game
16:10:17.372 [JavaFX Application Thread] DEBUG GameScene            - Clearing game scene
16:10:17.372 [JavaFX Application Thread] DEBUG GameWorld            - Clearing game world
16:10:17.372 [JavaFX Application Thread] DEBUG PhysicsWorld         - Clearing physics world
16:10:17.374 [FXGL Background Thread 1 ] DEBUG FXGLApplication      - Initializing game
16:10:17.388 [FXGL Background Thread 4 ] DEBUG FXGLAssetLoaderServi - Loading from file system: jar:file:///C:/Users/sarah/.m2/repository/com/github/almasb/fxgl/17.1/fxgl-17.1.jar!/fxglassets/ui/fonts/Abel-Regular.ttf
16:10:17.400 [FXGL Background Thread 4 ] DEBUG FXGLAssetLoaderServi - Loading from file system: jar:file:///C:/Users/sarah/.m2/repository/com/github/almasb/fxgl/17.1/fxgl-17.1.jar!/fxglassets/ui/fonts/TerminalLandMono-Regular.otf
16:10:17.409 [FXGL Background Thread 1 ] WARN  TMXLevelLoader       - TiledMap generated from 1.9.0. Supported version: 1.4.2. Some features may not be parsed fully.
16:10:17.413 [FXGL Background Thread 4 ] DEBUG FXGLAssetLoaderServi - Loading from file system: jar:file:///C:/Users/sarah/.m2/repository/com/github/almasb/fxgl/17.1/fxgl-17.1.jar!/fxglassets/ui/fonts/Courier-Prime.ttf
16:10:17.424 [FXGL Background Thread 1 ] DEBUG TMXLevelLoader       - Parsed TiledMap: file:/C:/Users/sarah/IdeaProjects/FindingFruitcake/target/classes/assets/levels/ffc.tmx
16:10:17.425 [FXGL Background Thread 1 ] DEBUG TMXLevelLoader       - Creating tile layer entities
16:10:17.427 [FXGL Background Thread 1 ] DEBUG TilesetLoader        - Loading view for layer Floors and Walls
16:10:17.428 [FXGL Background Thread 1 ] DEBUG TilesetLoader        - Created buffer with size 480.0x400.0
16:10:17.429 [FXGL Background Thread 1 ] WARN  TMXLevelLoader       - Parse error
java.lang.IllegalArgumentException: Tileset for gid=1252 not found
	at com.almasb.fxgl.entity@17.1/com.almasb.fxgl.entity.level.tiled.TilesetLoader.findTileset(TilesetLoader.kt:390)
	at com.almasb.fxgl.entity@17.1/com.almasb.fxgl.entity.level.tiled.TilesetLoader.loadView(TilesetLoader.kt:116)
	at com.almasb.fxgl.entity@17.1/com.almasb.fxgl.entity.level.tiled.TMXLevelLoader.createTileLayerEntities$lambda-4(TMXLevelLoader.kt:100)
	at java.base/java.util.stream.ReferencePipeline$3$1.accept(ReferencePipeline.java:197)
	at java.base/java.util.ArrayList$ArrayListSpliterator.forEachRemaining(ArrayList.java:1625)
	at java.base/java.util.stream.AbstractPipeline.copyInto(AbstractPipeline.java:509)
	at java.base/java.util.stream.AbstractPipeline.wrapAndCopyInto(AbstractPipeline.java:499)
	at java.base/java.util.stream.ReduceOps$ReduceOp.evaluateSequential(ReduceOps.java:921)
	at java.base/java.util.stream.AbstractPipeline.evaluate(AbstractPipeline.java:234)
	at java.base/java.util.stream.ReferencePipeline.collect(ReferencePipeline.java:682)
	at com.almasb.fxgl.entity@17.1/com.almasb.fxgl.entity.level.tiled.TMXLevelLoader.createTileLayerEntities(TMXLevelLoader.kt:117)
	at com.almasb.fxgl.entity@17.1/com.almasb.fxgl.entity.level.tiled.TMXLevelLoader.load(TMXLevelLoader.kt:58)
	at com.almasb.fxgl.all@17.1/com.almasb.fxgl.app.services.FXGLAssetLoaderService.loadLevel(FXGLAssetLoaderService.kt:446)
	at com.almasb.fxgl.all@17.1/com.almasb.fxgl.dsl.FXGL$Companion.setLevelFromMap(FXGL.kt:634)
	at com.almasb.fxgl.all@17.1/com.almasb.fxgl.dsl.FXGL.setLevelFromMap(FXGL.kt)
	at com.example.findingfruitcake/com.example.findingfruitcake.BasicGame.initGame(BasicGame.java:26)
	at com.almasb.fxgl.all@17.1/com.almasb.fxgl.app.FXGLApplication$InitAppTask.initGame(FXGLApplication.kt:339)
	at com.almasb.fxgl.all@17.1/com.almasb.fxgl.app.FXGLApplication$InitAppTask.call(FXGLApplication.kt:319)
	at com.almasb.fxgl.all@17.1/com.almasb.fxgl.app.FXGLApplication$InitAppTask.call(FXGLApplication.kt:311)
	at javafx.graphics/javafx.concurrent.Task$TaskCallable.call(Task.java:1426)
	at java.base/java.util.concurrent.FutureTask.run(FutureTask.java:264)
	at java.base/java.util.concurrent.Executors$RunnableAdapter.call(Executors.java:539)
	at java.base/java.util.concurrent.FutureTask.run(FutureTask.java:264)
	at java.base/java.util.concurrent.ThreadPoolExecutor.runWorker(ThreadPoolExecutor.java:1136)
	at java.base/java.util.concurrent.ThreadPoolExecutor$Worker.run(ThreadPoolExecutor.java:635)
	at java.base/java.lang.Thread.run(Thread.java:833)

16:10:17.483 [JavaFX Application Thread] DEBUG LoopRunner           - Stopping loop
16:10:17.484 [JavaFX Application Thread] FATAL FXGLApplication      - Uncaught Exception:
java.lang.RuntimeException: Initialization failed
	at com.almasb.fxgl.all@17.1/com.almasb.fxgl.app.FXGLApplication$InitAppTask.failed(FXGLApplication.kt:343)
	at javafx.graphics/javafx.concurrent.Task.setState(Task.java:710)
	at javafx.graphics/javafx.concurrent.Task$TaskCallable.lambda$call$2(Task.java:1456)
	at javafx.graphics/com.sun.javafx.application.PlatformImpl.lambda$runLater$10(PlatformImpl.java:457)
	at java.base/java.security.AccessController.doPrivileged(AccessController.java:399)
	at javafx.graphics/com.sun.javafx.application.PlatformImpl.lambda$runLater$11(PlatformImpl.java:456)
	at javafx.graphics/com.sun.glass.ui.InvokeLaterDispatcher$Future.run(InvokeLaterDispatcher.java:96)
	at javafx.graphics/com.sun.glass.ui.win.WinApplication._runLoop(Native Method)
	at javafx.graphics/com.sun.glass.ui.win.WinApplication.lambda$runLoop$3(WinApplication.java:184)
	at java.base/java.lang.Thread.run(Thread.java:833)
Caused by: com.almasb.fxgl.entity.level.LevelLoadingException: Tileset for gid=1252 not found
	at com.almasb.fxgl.entity@17.1/com.almasb.fxgl.entity.level.tiled.TMXLevelLoader.load(TMXLevelLoader.kt:78)
	at com.almasb.fxgl.all@17.1/com.almasb.fxgl.app.services.FXGLAssetLoaderService.loadLevel(FXGLAssetLoaderService.kt:446)
	at com.almasb.fxgl.all@17.1/com.almasb.fxgl.dsl.FXGL$Companion.setLevelFromMap(FXGL.kt:634)
	at com.almasb.fxgl.all@17.1/com.almasb.fxgl.dsl.FXGL.setLevelFromMap(FXGL.kt)
	at com.example.findingfruitcake/com.example.findingfruitcake.BasicGame.initGame(BasicGame.java:26)
	at com.almasb.fxgl.all@17.1/com.almasb.fxgl.app.FXGLApplication$InitAppTask.initGame(FXGLApplication.kt:339)
	at com.almasb.fxgl.all@17.1/com.almasb.fxgl.app.FXGLApplication$InitAppTask.call(FXGLApplication.kt:319)
	at com.almasb.fxgl.all@17.1/com.almasb.fxgl.app.FXGLApplication$InitAppTask.call(FXGLApplication.kt:311)
	at javafx.graphics/javafx.concurrent.Task$TaskCallable.call(Task.java:1426)
	at java.base/java.util.concurrent.FutureTask.run(FutureTask.java:264)
	at java.base/java.util.concurrent.Executors$RunnableAdapter.call(Executors.java:539)
	at java.base/java.util.concurrent.FutureTask.run(FutureTask.java:264)
	at java.base/java.util.concurrent.ThreadPoolExecutor.runWorker(ThreadPoolExecutor.java:1136)
	at java.base/java.util.concurrent.ThreadPoolExecutor$Worker.run(ThreadPoolExecutor.java:635)
	... 1 more
Caused by: java.lang.IllegalArgumentException: Tileset for gid=1252 not found
	at com.almasb.fxgl.entity@17.1/com.almasb.fxgl.entity.level.tiled.TilesetLoader.findTileset(TilesetLoader.kt:390)
	at com.almasb.fxgl.entity@17.1/com.almasb.fxgl.entity.level.tiled.TilesetLoader.loadView(TilesetLoader.kt:116)
	at com.almasb.fxgl.entity@17.1/com.almasb.fxgl.entity.level.tiled.TMXLevelLoader.createTileLayerEntities$lambda-4(TMXLevelLoader.kt:100)
	at java.base/java.util.stream.ReferencePipeline$3$1.accept(ReferencePipeline.java:197)
	at java.base/java.util.ArrayList$ArrayListSpliterator.forEachRemaining(ArrayList.java:1625)
	at java.base/java.util.stream.AbstractPipeline.copyInto(AbstractPipeline.java:509)
	at java.base/java.util.stream.AbstractPipeline.wrapAndCopyInto(AbstractPipeline.java:499)
	at java.base/java.util.stream.ReduceOps$ReduceOp.evaluateSequential(ReduceOps.java:921)
	at java.base/java.util.stream.AbstractPipeline.evaluate(AbstractPipeline.java:234)
	at java.base/java.util.stream.ReferencePipeline.collect(ReferencePipeline.java:682)
	at com.almasb.fxgl.entity@17.1/com.almasb.fxgl.entity.level.tiled.TMXLevelLoader.createTileLayerEntities(TMXLevelLoader.kt:117)
	at com.almasb.fxgl.entity@17.1/com.almasb.fxgl.entity.level.tiled.TMXLevelLoader.load(TMXLevelLoader.kt:58)
	... 14 more

16:10:17.484 [JavaFX Application Thread] FATAL FXGLApplication      - Application will now exit
16:10:17.500 [JavaFX Application Thread] DEBUG PrimaryStageWindow   - Push state: ErrorSubScene
16:10:17.500 [JavaFX Application Thread] DEBUG Input                - Clearing active input actions
16:10:17.505 [JavaFX Application Thread] DEBUG GameApplicationServi - Removing overlay from FXGLLoadingScene and adding to ErrorSubScene
16:10:17.505 [JavaFX Application Thread] DEBUG PrimaryStageWindow   - FXGLLoadingScene -> ErrorSubScene
16:10:17.505 [JavaFX Application Thread] DEBUG FXGLApplication      - Registering font factories with UI factory
16:10:20.308 [FXGL Background Thread 3 ] DEBUG Engine               - Logging environment variables
16:10:20.308 [FXGL Background Thread 3 ] DEBUG Engine               - achievements: []
16:10:20.308 [FXGL Background Thread 3 ] DEBUG Engine               - actualHeight: 400.0
16:10:20.308 [FXGL Background Thread 3 ] DEBUG Engine               - actualHeightProperty: ReadOnlyDoubleProperty [value: 400.0]
16:10:20.309 [FXGL Background Thread 3 ] DEBUG Engine               - actualWidth: 480.0
16:10:20.309 [FXGL Background Thread 3 ] DEBUG Engine               - actualWidthProperty: ReadOnlyDoubleProperty [value: 480.0]
16:10:20.309 [FXGL Background Thread 3 ] DEBUG Engine               - appIcon: fxgl_icon.png
16:10:20.309 [FXGL Background Thread 3 ] DEBUG Engine               - applicationMode: DEVELOPER
16:10:20.309 [FXGL Background Thread 3 ] DEBUG Engine               - cSSList: [fxgl_dark.css]
16:10:20.309 [FXGL Background Thread 3 ] DEBUG Engine               - collisionDetectionStrategy: BRUTE_FORCE
16:10:20.309 [FXGL Background Thread 3 ] DEBUG Engine               - configClass: Optional.empty
16:10:20.309 [FXGL Background Thread 3 ] DEBUG Engine               - credits: []
16:10:20.309 [FXGL Background Thread 3 ] DEBUG Engine               - defaultCursor: CursorInfo(imageName=fxgl_default_cursor.png, hotspotX=7.0, hotspotY=6.0)
16:10:20.309 [FXGL Background Thread 3 ] DEBUG Engine               - devBBoxColorProperty: ObjectProperty [value: 0xff0000ff]
16:10:20.310 [FXGL Background Thread 3 ] DEBUG Engine               - devEnableDebugCameraProperty: BooleanProperty [value: false]
16:10:20.310 [FXGL Background Thread 3 ] DEBUG Engine               - devSensorColorProperty: ObjectProperty [value: 0xffff00ff]
16:10:20.310 [FXGL Background Thread 3 ] DEBUG Engine               - devShowBBoxProperty: BooleanProperty [value: false]
16:10:20.310 [FXGL Background Thread 3 ] DEBUG Engine               - devShowPositionProperty: BooleanProperty [value: false]
16:10:20.310 [FXGL Background Thread 3 ] DEBUG Engine               - enabledMenuItems: []
16:10:20.310 [FXGL Background Thread 3 ] DEBUG Engine               - engineServices: [class com.almasb.fxgl.app.services.FXGLAssetLoaderService, class com.almasb.fxgl.app.FXGLApplication$GameApplicationService, class com.almasb.fxgl.app.services.FXGLDialogService, class com.almasb.fxgl.app.services.IOTaskExecutorService, class com.almasb.fxgl.io.FileSystemService, class com.almasb.fxgl.localization.LocalizationService, class com.almasb.fxgl.app.services.SystemBundleService, class com.almasb.fxgl.profile.SaveLoadService, class com.almasb.fxgl.ui.FXGLUIFactoryServiceProvider, class com.almasb.fxgl.ui.FXGLDialogFactoryServiceProvider, class com.almasb.fxgl.audio.AudioPlayer, class com.almasb.fxgl.notification.impl.NotificationServiceProvider, class com.almasb.fxgl.achievement.AchievementService, class com.almasb.fxgl.cutscene.CutsceneService, class com.almasb.fxgl.minigames.MiniGameService, class com.almasb.fxgl.net.NetService, class com.almasb.fxgl.app.services.UpdaterService, class com.almasb.fxgl.dev.DevService]
16:10:20.310 [FXGL Background Thread 3 ] DEBUG Engine               - fontGame: Abel-Regular.ttf
16:10:20.312 [FXGL Background Thread 3 ] DEBUG Engine               - fontMono: TerminalLandMono-Regular.otf
16:10:20.312 [FXGL Background Thread 3 ] DEBUG Engine               - fontText: Courier-Prime.ttf
16:10:20.312 [FXGL Background Thread 3 ] DEBUG Engine               - fontUI: VarelaRound-Regular.ttf
16:10:20.312 [FXGL Background Thread 3 ] DEBUG Engine               - fullScreen: BooleanProperty [value: false]
16:10:20.312 [FXGL Background Thread 3 ] DEBUG Engine               - gameDifficulty: MEDIUM
16:10:20.312 [FXGL Background Thread 3 ] DEBUG Engine               - gameDifficultyProperty: ObjectProperty [value: MEDIUM]
16:10:20.312 [FXGL Background Thread 3 ] DEBUG Engine               - globalMusicVolume: 0.5
16:10:20.313 [FXGL Background Thread 3 ] DEBUG Engine               - globalMusicVolumeProperty: DoubleProperty [value: 0.5]
16:10:20.313 [FXGL Background Thread 3 ] DEBUG Engine               - globalSoundVolume: 0.5
16:10:20.313 [FXGL Background Thread 3 ] DEBUG Engine               - globalSoundVolumeProperty: DoubleProperty [value: 0.5]
16:10:20.313 [FXGL Background Thread 3 ] DEBUG Engine               - height: 400
16:10:20.313 [FXGL Background Thread 3 ] DEBUG Engine               - is3D: false
16:10:20.313 [FXGL Background Thread 3 ] DEBUG Engine               - isAndroid: false
16:10:20.313 [FXGL Background Thread 3 ] DEBUG Engine               - isBrowser: false
16:10:20.313 [FXGL Background Thread 3 ] DEBUG Engine               - isClickFeedbackEnabled: false
16:10:20.313 [FXGL Background Thread 3 ] DEBUG Engine               - isCloseConfirmation: false
16:10:20.314 [FXGL Background Thread 3 ] DEBUG Engine               - isDesktop: true
16:10:20.314 [FXGL Background Thread 3 ] DEBUG Engine               - isDeveloperMenuEnabled: false
16:10:20.314 [FXGL Background Thread 3 ] DEBUG Engine               - isEmbedded: false
16:10:20.314 [FXGL Background Thread 3 ] DEBUG Engine               - isEntityPreloadEnabled: true
16:10:20.314 [FXGL Background Thread 3 ] DEBUG Engine               - isExperimentalTiledLargeMap: false
16:10:20.314 [FXGL Background Thread 3 ] DEBUG Engine               - isFileSystemWriteAllowed: true
16:10:20.314 [FXGL Background Thread 3 ] DEBUG Engine               - isFullScreenAllowed: false
16:10:20.314 [FXGL Background Thread 3 ] DEBUG Engine               - isFullScreenFromStart: false
16:10:20.315 [FXGL Background Thread 3 ] DEBUG Engine               - isGameMenuEnabled: true
16:10:20.315 [FXGL Background Thread 3 ] DEBUG Engine               - isIOS: false
16:10:20.315 [FXGL Background Thread 3 ] DEBUG Engine               - isIntroEnabled: false
16:10:20.315 [FXGL Background Thread 3 ] DEBUG Engine               - isLinux: false
16:10:20.315 [FXGL Background Thread 3 ] DEBUG Engine               - isMac: false
16:10:20.315 [FXGL Background Thread 3 ] DEBUG Engine               - isMainMenuEnabled: false
16:10:20.315 [FXGL Background Thread 3 ] DEBUG Engine               - isManualResizeEnabled: false
16:10:20.315 [FXGL Background Thread 3 ] DEBUG Engine               - isMobile: false
16:10:20.316 [FXGL Background Thread 3 ] DEBUG Engine               - isNative: false
16:10:20.316 [FXGL Background Thread 3 ] DEBUG Engine               - isPauseMusicWhenMinimized: true
16:10:20.316 [FXGL Background Thread 3 ] DEBUG Engine               - isPreserveResizeRatio: false
16:10:20.316 [FXGL Background Thread 3 ] DEBUG Engine               - isProfilingEnabled: false
16:10:20.316 [FXGL Background Thread 3 ] DEBUG Engine               - isScaleAffectedOnResize: true
16:10:20.316 [FXGL Background Thread 3 ] DEBUG Engine               - isSingleStep: false
16:10:20.316 [FXGL Background Thread 3 ] DEBUG Engine               - isUserProfileEnabled: false
16:10:20.316 [FXGL Background Thread 3 ] DEBUG Engine               - isWindows: true
16:10:20.316 [FXGL Background Thread 3 ] DEBUG Engine               - language: ObjectProperty [value: ENGLISH]
16:10:20.316 [FXGL Background Thread 3 ] DEBUG Engine               - menuKey: ESCAPE
16:10:20.316 [FXGL Background Thread 3 ] DEBUG Engine               - mouseSensitivity: 0.2
16:10:20.316 [FXGL Background Thread 3 ] DEBUG Engine               - notificationViewClass: class com.almasb.fxgl.notification.view.XboxNotificationView
16:10:20.316 [FXGL Background Thread 3 ] DEBUG Engine               - pixelsPerMeter: 50.0
16:10:20.317 [FXGL Background Thread 3 ] DEBUG Engine               - platform: WINDOWS
16:10:20.317 [FXGL Background Thread 3 ] DEBUG Engine               - prefHeightProperty: ReadOnlyDoubleProperty [value: 400.0]
16:10:20.317 [FXGL Background Thread 3 ] DEBUG Engine               - prefWidthProperty: ReadOnlyDoubleProperty [value: 480.0]
16:10:20.317 [FXGL Background Thread 3 ] DEBUG Engine               - profileDir: profiles/
16:10:20.317 [FXGL Background Thread 3 ] DEBUG Engine               - profileName: StringProperty [value: DEFAULT]
16:10:20.317 [FXGL Background Thread 3 ] DEBUG Engine               - randomSeed: -1
16:10:20.317 [FXGL Background Thread 3 ] DEBUG Engine               - runtimeInfo: RuntimeInfo(platform=WINDOWS, version=17.1, build=24.03.2022 17.34)
16:10:20.317 [FXGL Background Thread 3 ] DEBUG Engine               - saveFileExt: sav
16:10:20.318 [FXGL Background Thread 3 ] DEBUG Engine               - scaledHeightProp$fxgl: DoubleProperty [bound, value: 400.0]
16:10:20.318 [FXGL Background Thread 3 ] DEBUG Engine               - scaledWidthProp$fxgl: DoubleProperty [bound, value: 480.0]
16:10:20.318 [FXGL Background Thread 3 ] DEBUG Engine               - sceneFactory: com.almasb.fxgl.app.scene.SceneFactory@929662c
16:10:20.318 [FXGL Background Thread 3 ] DEBUG Engine               - secondsIn24h: 60
16:10:20.318 [FXGL Background Thread 3 ] DEBUG Engine               - soundMenuBack: menu/back.wav
16:10:20.318 [FXGL Background Thread 3 ] DEBUG Engine               - soundMenuPress: menu/press.wav
16:10:20.318 [FXGL Background Thread 3 ] DEBUG Engine               - soundMenuSelect: menu/select.wav
16:10:20.318 [FXGL Background Thread 3 ] DEBUG Engine               - soundNotification: core/notification.wav
16:10:20.318 [FXGL Background Thread 3 ] DEBUG Engine               - stageStyle: DECORATED
16:10:20.318 [FXGL Background Thread 3 ] DEBUG Engine               - supportedLanguages: [ENGLISH, FRENCH, GERMAN, HUNGARIAN, RUSSIAN]
16:10:20.318 [FXGL Background Thread 3 ] DEBUG Engine               - ticksPerSecond: -1
16:10:20.318 [FXGL Background Thread 3 ] DEBUG Engine               - title: Basic Game App
16:10:20.318 [FXGL Background Thread 3 ] DEBUG Engine               - urlGithub: https://github.com/AlmasB/FXGL
16:10:20.318 [FXGL Background Thread 3 ] DEBUG Engine               - urlLeaderboard: http://fxgl-top.herokuapp.com/
16:10:20.318 [FXGL Background Thread 3 ] DEBUG Engine               - urlPOM: https://raw.githubusercontent.com/AlmasB/FXGL/release/README.md
16:10:20.319 [FXGL Background Thread 3 ] DEBUG Engine               - userAppClass: class com.example.findingfruitcake.BasicGame
16:10:20.319 [FXGL Background Thread 3 ] DEBUG Engine               - version: 0.1
16:10:20.319 [FXGL Background Thread 3 ] DEBUG Engine               - versionCheckDays: 7
16:10:20.319 [FXGL Background Thread 3 ] DEBUG Engine               - width: 480
16:10:20.319 [FXGL Background Thread 3 ] DEBUG Engine               - Logging services
16:10:20.319 [FXGL Background Thread 3 ] DEBUG Engine               - class com.almasb.fxgl.app.services.FXGLAssetLoaderService
16:10:20.319 [FXGL Background Thread 3 ] DEBUG Engine               - class com.almasb.fxgl.app.FXGLApplication$GameApplicationService
16:10:20.319 [FXGL Background Thread 3 ] DEBUG Engine               - class com.almasb.fxgl.app.services.FXGLDialogService
16:10:20.319 [FXGL Background Thread 3 ] DEBUG Engine               - class com.almasb.fxgl.app.services.IOTaskExecutorService
16:10:20.319 [FXGL Background Thread 3 ] DEBUG Engine               - class com.almasb.fxgl.io.FileSystemService
16:10:20.320 [FXGL Background Thread 3 ] DEBUG Engine               - class com.almasb.fxgl.localization.LocalizationService
16:10:20.320 [FXGL Background Thread 3 ] DEBUG Engine               - class com.almasb.fxgl.app.services.SystemBundleService
16:10:20.320 [FXGL Background Thread 3 ] DEBUG Engine               - class com.almasb.fxgl.profile.SaveLoadService
16:10:20.320 [FXGL Background Thread 3 ] DEBUG Engine               - class com.almasb.fxgl.ui.FXGLUIFactoryServiceProvider
16:10:20.320 [FXGL Background Thread 3 ] DEBUG Engine               - class com.almasb.fxgl.ui.FXGLDialogFactoryServiceProvider
16:10:20.320 [FXGL Background Thread 3 ] DEBUG Engine               - class com.almasb.fxgl.audio.AudioPlayer
16:10:20.320 [FXGL Background Thread 3 ] DEBUG Engine               - class com.almasb.fxgl.notification.impl.NotificationServiceProvider
16:10:20.320 [FXGL Background Thread 3 ] DEBUG Engine               - class com.almasb.fxgl.achievement.AchievementService
16:10:20.320 [FXGL Background Thread 3 ] DEBUG Engine               - class com.almasb.fxgl.cutscene.CutsceneService
16:10:20.320 [FXGL Background Thread 3 ] DEBUG Engine               - class com.almasb.fxgl.minigames.MiniGameService
16:10:20.320 [FXGL Background Thread 3 ] DEBUG Engine               - class com.almasb.fxgl.net.NetService
16:10:20.320 [FXGL Background Thread 3 ] DEBUG Engine               - class com.almasb.fxgl.app.services.UpdaterService
16:10:20.320 [FXGL Background Thread 3 ] DEBUG Engine               - class com.almasb.fxgl.dev.DevService
16:20:21.737 [JavaFX Application Thread] DEBUG FXGLApplication      - Exiting FXGL
16:20:21.737 [JavaFX Application Thread] DEBUG Async                - Shutting down background threads
16:20:21.737 [JavaFX Application Thread] DEBUG PrimaryStageWindow   - Closing main window
16:20:21.746 [JavaFX Application Thread] DEBUG Logger               - Closing Logger
